[2025-07-04T12:11:55.522Z] [INFO] Loading configuration from: /Users/rufus/Documents/contracts/gmx-contracts/deployment/config/config.local.json
[2025-07-04T12:12:03.160Z] [INFO] Connected to network: unknown (Chain ID: 31337)
[2025-07-04T12:12:03.250Z] [INFO] Deployer: 0xf39Fd6e51aad88F6F4ce6aB8827279cffFb92266
[2025-07-04T12:12:03.256Z] [INFO] Balance: 10000.0 ETH
[2025-07-04T12:12:03.262Z] [INFO] === STARTING TESTDEX DEPLOYMENT ===
[2025-07-04T12:12:03.263Z] [INFO] Project: TestDEX
[2025-07-04T12:12:03.263Z] [INFO] Governance Token: TDEX
[2025-07-04T12:12:03.264Z] [INFO] Liquidity Token: TLP
[2025-07-04T12:12:03.264Z] [INFO] Max Leverage: 1000x
[2025-07-04T12:12:03.265Z] [INFO] === Phase 1: Deploying Custom Tokens ===
[2025-07-04T12:12:03.265Z] [INFO] Deploying governance token: TestDEX Token (TDEX)
[2025-07-04T12:12:03.266Z] [INFO] Deploying CustomGovernanceToken...
[2025-07-04T12:12:03.730Z] [DEPLOY] Deployed CustomGovernanceToken at 0x5FbDB2315678afecb367f032d93F642f64180aa3
[2025-07-04T12:12:03.730Z] [INFO] Deploying liquidity token: TestDEX LP (TLP)
[2025-07-04T12:12:03.730Z] [INFO] Deploying CustomLiquidityToken...
[2025-07-04T12:12:03.996Z] [DEPLOY] Deployed CustomLiquidityToken at 0xe7f1725E7734CE288F8367e1Bb143E90bb3F0512
[2025-07-04T12:12:03.997Z] [INFO] Deploying escrowed token: Escrowed TestDEX (esTDEX)
[2025-07-04T12:12:03.997Z] [INFO] Deploying CustomEscrowedToken...
[2025-07-04T12:12:04.147Z] [DEPLOY] Deployed CustomEscrowedToken at 0x9fE46736679d2D9a65F0992F2272dE9f3c7fa6e0
[2025-07-04T12:12:04.147Z] [INFO] Deploying bonus token: Bonus TestDEX (bnTDEX)
[2025-07-04T12:12:04.147Z] [INFO] Deploying MintableBaseToken...
[2025-07-04T12:12:04.294Z] [DEPLOY] Deployed MintableBaseToken at 0xCf7Ed3AccA5a467e9e704C703E8D87F634fB0Fc9
[2025-07-04T12:12:04.294Z] [INFO] Executing governance.setInPrivateTransferMode(true)...
[2025-07-04T12:12:04.340Z] [SUCCESS] ✓ governance.setInPrivateTransferMode(true) - Gas used: 46005
[2025-07-04T12:12:04.340Z] [INFO] Executing liquidity.setInPrivateTransferMode(true)...
[2025-07-04T12:12:04.374Z] [SUCCESS] ✓ liquidity.setInPrivateTransferMode(true) - Gas used: 46005
[2025-07-04T12:12:04.375Z] [INFO] Executing escrowed.setInPrivateTransferMode(true)...
[2025-07-04T12:12:04.414Z] [SUCCESS] ✓ escrowed.setInPrivateTransferMode(true) - Gas used: 46005
[2025-07-04T12:12:04.414Z] [SUCCESS] Token configurations completed
[2025-07-04T12:12:04.414Z] [SUCCESS] ✅ Token deployment completed
[2025-07-04T12:12:04.414Z] [INFO] === Phase 2: Deploying Core Contracts ===
[2025-07-04T12:12:04.415Z] [INFO] Deploying Vault...
[2025-07-04T12:12:04.415Z] [INFO] Deploying Vault...
[2025-07-04T12:12:04.619Z] [DEPLOY] Deployed Vault at 0xa513E6E4b8f2a923D98304ec87F64353C4D5C853
[2025-07-04T12:12:04.619Z] [INFO] Deploying USDG...
[2025-07-04T12:12:04.620Z] [INFO] Deploying USDG...
[2025-07-04T12:12:04.768Z] [DEPLOY] Deployed USDG at 0x2279B7A0a67DB372996a5FaB50D91eAA73d2eBe6
[2025-07-04T12:12:04.768Z] [INFO] Deploying Router...
[2025-07-04T12:12:04.769Z] [INFO] Deploying Router...
[2025-07-04T12:12:04.899Z] [DEPLOY] Deployed Router at 0x8A791620dd6260079BF849Dc5567aDC3F2FdC318
[2025-07-04T12:12:04.900Z] [INFO] Deploying VaultPriceFeed...
[2025-07-04T12:12:04.901Z] [INFO] Deploying VaultPriceFeed...
[2025-07-04T12:12:05.022Z] [DEPLOY] Deployed VaultPriceFeed at 0x610178dA211FEF7D417bC0e6FeD39F05609AD788
[2025-07-04T12:12:05.023Z] [INFO] Executing vaultPriceFeed.setMaxStrictPriceDeviation...
[2025-07-04T12:12:05.060Z] [SUCCESS] ✓ vaultPriceFeed.setMaxStrictPriceDeviation - Gas used: 45829
[2025-07-04T12:12:05.060Z] [INFO] Executing vaultPriceFeed.setPriceSampleSpace...
[2025-07-04T12:12:05.094Z] [SUCCESS] ✓ vaultPriceFeed.setPriceSampleSpace - Gas used: 25822
[2025-07-04T12:12:05.094Z] [INFO] Executing vaultPriceFeed.setIsAmmEnabled...
[2025-07-04T12:12:05.131Z] [SUCCESS] ✓ vaultPriceFeed.setIsAmmEnabled - Gas used: 29315
[2025-07-04T12:12:05.131Z] [SUCCESS] VaultPriceFeed configured
[2025-07-04T12:12:05.131Z] [INFO] Deploying ShortsTracker...
[2025-07-04T12:12:05.131Z] [INFO] Deploying ShortsTracker...
[2025-07-04T12:12:05.259Z] [DEPLOY] Deployed ShortsTracker at 0x9A676e781A523b5d0C0e43731313A708CB607508
[2025-07-04T12:12:05.259Z] [INFO] Deploying GlpManager...
[2025-07-04T12:12:05.259Z] [INFO] Deploying GlpManager...
[2025-07-04T12:12:05.443Z] [DEPLOY] Deployed GlpManager at 0x0B306BF915C4d645ff596e518fAf3F9669b97016
[2025-07-04T12:12:05.443Z] [INFO] Deploying VaultUtils...
[2025-07-04T12:12:05.443Z] [INFO] Deploying VaultUtils...
[2025-07-04T12:12:05.535Z] [DEPLOY] Deployed VaultUtils at 0x959922bE3CAee4b8Cd9a407cc3ac1C251C2007B1
[2025-07-04T12:12:05.535Z] [INFO] Configuring Vault with 1000x leverage...
[2025-07-04T12:12:05.535Z] [INFO] Executing vault.setMaxLeverage to 1000x...
[2025-07-04T12:12:05.594Z] [SUCCESS] ✓ vault.setMaxLeverage to 1000x - Gas used: 28927
[2025-07-04T12:12:05.598Z] [INFO] Executing vault.setVaultUtils...
[2025-07-04T12:12:05.647Z] [SUCCESS] ✓ vault.setVaultUtils - Gas used: 29473
[2025-07-04T12:12:05.650Z] [INFO] Executing vault.setPriceFeed...
[2025-07-04T12:12:05.690Z] [SUCCESS] ✓ vault.setPriceFeed - Gas used: 46606
[2025-07-04T12:12:05.690Z] [INFO] Executing [object Object]...
[2025-07-04T12:12:05.710Z] [SUCCESS] ✓ [object Object] - Gas used: 44231
[2025-07-04T12:12:05.710Z] [SUCCESS] Vault configuration completed
[2025-07-04T12:12:05.710Z] [INFO] 🎯 Max leverage set to 1000x
[2025-07-04T12:12:05.710Z] [SUCCESS] ✅ Core deployment completed
[2025-07-04T12:12:05.710Z] [INFO] === DEPLOYMENT SUMMARY ===
[2025-07-04T12:12:05.711Z] [INFO]   CustomGovernanceToken: 0x5FbDB2315678afecb367f032d93F642f64180aa3
[2025-07-04T12:12:05.711Z] [INFO]   CustomLiquidityToken: 0xe7f1725E7734CE288F8367e1Bb143E90bb3F0512
[2025-07-04T12:12:05.711Z] [INFO]   CustomEscrowedToken: 0x9fE46736679d2D9a65F0992F2272dE9f3c7fa6e0
[2025-07-04T12:12:05.711Z] [INFO]   MintableBaseToken: 0xCf7Ed3AccA5a467e9e704C703E8D87F634fB0Fc9
[2025-07-04T12:12:05.711Z] [INFO]   Vault: 0xa513E6E4b8f2a923D98304ec87F64353C4D5C853
[2025-07-04T12:12:05.711Z] [INFO]   USDG: 0x2279B7A0a67DB372996a5FaB50D91eAA73d2eBe6
[2025-07-04T12:12:05.711Z] [INFO]   Router: 0x8A791620dd6260079BF849Dc5567aDC3F2FdC318
[2025-07-04T12:12:05.711Z] [INFO]   VaultPriceFeed: 0x610178dA211FEF7D417bC0e6FeD39F05609AD788
[2025-07-04T12:12:05.711Z] [INFO]   ShortsTracker: 0x9A676e781A523b5d0C0e43731313A708CB607508
[2025-07-04T12:12:05.711Z] [INFO]   GlpManager: 0x0B306BF915C4d645ff596e518fAf3F9669b97016
[2025-07-04T12:12:05.711Z] [INFO]   VaultUtils: 0x959922bE3CAee4b8Cd9a407cc3ac1C251C2007B1
[2025-07-04T12:12:05.712Z] [SUCCESS] Saved deployments to deployment/output/deployments.json